Changed log file 2015-10-17 11:08:14.422

Start application 2015-10-17 11:08:14.422
	Trying to connect to 192.168.0.117:1234
	Connected succefsully to 192.168.0.117:1234
	Set SO_TIMEOUT to 0ms
	sending command: 1100000
	            rtc: 0
	     num_of_sat: 1
	     satellites: [4, 0, 0, 0, 0, 0, 0, 0, 0, 0]
	sending command: 10
	            rtc: 0
	     num_of_sat: 1
	     satellites: [0, 0, 0, 0, 0, 0, 0, 0, 0, 0]
	sending command: 0
	            rtc: 0
	     num_of_sat: 1
	     satellites: [0, 0, 0, 0, 0, 0, 0, 0, 0, 0]
	Disconnected from hub
Close application 2015-10-17 11:10:39.465

Change log file 2015-10-17 11:10:39.465

