Changed log file 2015-10-13 23:06:45.462

Start application 2015-10-13 23:06:45.462
	Trying to connect to 192.168.0.117:1234
	Connected succefsully to 192.168.0.117:1234
	Set SO_TIMEOUT to 1ms
	sending command: 1100000
	            rtc: 0
	     num_of_sat: 2
	     satellites: [20, 4, 0, 0, 0, 0, 0, 0, 0, 0]
	Disconnected from hub
	Trying to connect to 192.168.0.117:1234
	Connected succefsully to 192.168.0.117:1234
	Set SO_TIMEOUT to 1ms
	sending command: 1100000
	            rtc: 0
	     num_of_sat: 2
	     satellites: [20, 4, 0, 0, 0, 0, 0, 0, 0, 0]
	Disconnected from hub
	Trying to connect to 192.168.0.117:1234
	Connected succefsully to 192.168.0.117:1234
	Set SO_TIMEOUT to 1ms
	sending command: 1100000
	            rtc: 0
	     num_of_sat: 2
	     satellites: [20, 4, 0, 0, 0, 0, 0, 0, 0, 0]
	Disconnected from hub
Close application 2015-10-13 23:10:01.154

Change log file 2015-10-13 23:10:01.154

