Changed log file 2015-10-17 12:26:37.716

Start application 2015-10-17 12:26:37.716
	Trying to connect to 192.168.0.117:1234
	Connected succefsully to 192.168.0.117:1234
	Set SO_TIMEOUT to 0ms
	sending command: 1100000
	            rtc: 0
	     num_of_sat: 1
	     satellites: [21, 0, 0, 0, 0, 0, 0, 0, 0, 0]
	sending command: 10
	            rtc: 0
	     num_of_sat: 1
	     satellites: [21, 0, 0, 0, 0, 0, 0, 0, 0, 0]
	sending command: 0
	            rtc: 0
	     num_of_sat: 1
	     satellites: [21, 0, 0, 0, 0, 0, 0, 0, 0, 0]
	sending command: 0
	            rtc: 0
	     num_of_sat: 1
	     satellites: [21, 0, 0, 0, 0, 0, 0, 0, 0, 0]
	Disconnected from hub
