Changed log file 2015-10-15 22:17:58.888

Start application 2015-10-15 22:17:58.888
	Trying to connect to 192.168.0.117:1234
	Connected succefsully to 192.168.0.117:1234
	Set SO_TIMEOUT to 5ms
	sending command: 1100000
	            rtc: 0
	     num_of_sat: 2
	     satellites: [20, 4, 0, 0, 0, 0, 0, 0, 0, 0]
	Disconnected from hub
	Trying to connect to 192.168.0.117:1234
	Connected succefsully to 192.168.0.117:1234
	Set SO_TIMEOUT to 5ms
	sending command: 1100000
	            rtc: 0
	     num_of_sat: 2
	     satellites: [20, 4, 0, 0, 0, 0, 0, 0, 0, 0]
	sending command: 10
	            rtc: 0
	     num_of_sat: 0
	     satellites: [0, 0, 0, 0, 0, 0, 0, 0, 0, 0]
	Disconnected from hub
